<?xml version="1.0" encoding="UTF-8"?>
<!-- Generated by org.testng.reporters.JUnitReportReporter -->
<testsuite hostname="DESKTOP-4RAGRB1" failures="0" tests="1" name="com.abn.springmvcjdbc.main.test.AbnMainTest" time="0.003" errors="0" timestamp="2020-10-23T20:37:05 IST" skipped="0">
  <testcase classname="com.abn.springmvcjdbc.main.test.AbnMainTest" name="test" time="0.003"/>
  <system-out/>
</testsuite> <!-- com.abn.springmvcjdbc.main.test.AbnMainTest -->
